<?xml version="1.0" encoding="UTF-8"?>
<!-- Generated by org.testng.reporters.JUnitXMLReporter -->
<testsuite ignored="0" hostname="DESKTOP-NI2O2K0" failures="0" tests="1" name="Test1" time="45.2" errors="0" timestamp="2023-04-09T13:17:35 IST">
  <testcase classname="Multi.MultiBrowser$MultipleBrowser" name="@BeforeMethod LunchBrowser" time="45.17">
    <failure type="org.openqa.selenium.remote.http.ConnectionFailedException" message="Unable to establish websocket connection to http://localhost:60726/devtools/browser/819480a5-1400-4a5c-923a-e0fdf2f30b6a
Build info: version: &amp;apos;4.4.0&amp;apos;, revision: &amp;apos;e5c75ed026a&amp;apos;
System info: host: &amp;apos;DESKTOP-NI2O2K0&amp;apos;, ip: &amp;apos;192.168.43.106&amp;apos;, os.name: &amp;apos;Windows 10&amp;apos;, os.arch: &amp;apos;amd64&amp;apos;, os.version: &amp;apos;10.0&amp;apos;, java.version: &amp;apos;18.0.1.1&amp;apos;
Driver info: driver.version: ChromeDriver">
      <![CDATA[org.openqa.selenium.remote.http.ConnectionFailedException: Unable to establish websocket connection to http://localhost:60726/devtools/browser/819480a5-1400-4a5c-923a-e0fdf2f30b6a
Build info: version: '4.4.0', revision: 'e5c75ed026a'
System info: host: 'DESKTOP-NI2O2K0', ip: '192.168.43.106', os.name: 'Windows 10', os.arch: 'amd64', os.version: '10.0', java.version: '18.0.1.1'
Driver info: driver.version: ChromeDriver
at org.openqa.selenium.remote.http.netty.NettyWebSocket.<init>(NettyWebSocket.java:102)
at org.openqa.selenium.remote.http.netty.NettyWebSocket.lambda$create$3(NettyWebSocket.java:128)
at org.openqa.selenium.remote.http.netty.NettyClient.openSocket(NettyClient.java:106)
at org.openqa.selenium.devtools.Connection.<init>(Connection.java:77)
at org.openqa.selenium.chromium.ChromiumDriver.lambda$new$2(ChromiumDriver.java:116)
at java.base/java.util.Optional.map(Optional.java:260)
at org.openqa.selenium.chromium.ChromiumDriver.<init>(ChromiumDriver.java:114)
at org.openqa.selenium.chrome.ChromeDriver.<init>(ChromeDriver.java:81)
at org.openqa.selenium.chrome.ChromeDriver.<init>(ChromeDriver.java:49)
at Multi.MultiBrowser$MultipleBrowser.LunchBrowser(MultiBrowser.java:27)
at java.base/java.util.ArrayList.forEach(ArrayList.java:1511)
... Removed 29 stack frames]]>
    </failure>
  </testcase> <!-- @BeforeMethod LunchBrowser -->
  <testcase classname="Multi.MultiBrowser$MultipleBrowser" name="@AfterMethod Quit" time="-1.681026455473E9">
    <skipped/>
  </testcase> <!-- @AfterMethod Quit -->
  <testcase classname="Multi.MultiBrowser$MultipleBrowser" name="Run" time="0.0">
    <skipped/>
  </testcase> <!-- Run -->
</testsuite> <!-- Test1 -->
